<?xml version="1.0" encoding="UTF-8"?>
<!-- Generated by org.testng.reporters.JUnitReportReporter -->
<testsuite hostname="DESKTOP-GRUJ0M8" failures="0" tests="4" name="runner.TestRunner" time="47.488" errors="0" timestamp="2023-10-07T09:20:46 IST" skipped="0">
  <testcase classname="runner.TestRunner" name="runScenario" time="12.561"/>
  <testcase classname="runner.TestRunner" name="runScenario" time="9.949"/>
  <testcase classname="runner.TestRunner" name="runScenario" time="10.667"/>
  <testcase classname="runner.TestRunner" name="runScenario" time="14.311"/>
</testsuite> <!-- runner.TestRunner -->
