<?xml version="1.0" encoding="UTF-8"?>
<!-- Generated by org.testng.reporters.JUnitReportReporter -->
<testsuite hostname="DESKTOP-GRUJ0M8" failures="0" tests="2" name="tests.OrangeLoginTest2" time="30.179" errors="0" timestamp="2023-09-24T09:21:11 IST" skipped="0">
  <testcase classname="tests.OrangeLoginTest2" name="forgotPasswordTest" time="16.440"/>
  <testcase classname="tests.OrangeLoginTest2" name="login" time="13.739">
    <system-out>
      <![CDATA[Setting user name field to Admin
Setting password field to admin123]]>
    </system-out>
  </testcase> <!-- login -->
  <system-out>
    <![CDATA[Setting user name field to Admin
Setting password field to admin123]]>
  </system-out>
</testsuite> <!-- tests.OrangeLoginTest2 -->
