<?xml version="1.0" encoding="UTF-8"?>
<!-- Generated by org.testng.reporters.JUnitReportReporter -->
<testsuite hostname="DESKTOP-GRUJ0M8" failures="0" tests="2" name="tests.OrangeLoginTest" time="45.429" errors="0" timestamp="2023-10-01T08:07:10 IST" skipped="0">
  <testcase classname="tests.OrangeLoginTest" name="login" time="15.134">
    <system-out>
      <![CDATA[Setting the text of the element:=By.name: username with data:=admin
Setting the text of the element:=By.name: password with data:=admin123
Clicking on the element with locator:=By.xpath: //button[@type='submit']]]>
    </system-out>
  </testcase> <!-- login -->
  <testcase classname="tests.OrangeLoginTest" name="forgotPasswordTest" time="30.295">
    <system-out>
      <![CDATA[Clicking on the element with locator:=By.xpath: //p[text()='Forgot your password? ']]]>
    </system-out>
  </testcase> <!-- forgotPasswordTest -->
  <system-out>
    <![CDATA[Clicking on the element with locator:=By.xpath: //p[text()='Forgot your password? ']
Setting the text of the element:=By.name: username with data:=admin
Setting the text of the element:=By.name: password with data:=admin123
Clicking on the element with locator:=By.xpath: //button[@type='submit']]]>
  </system-out>
</testsuite> <!-- tests.OrangeLoginTest -->
