<?xml version="1.0" encoding="UTF-8"?>
<!-- Generated by org.testng.reporters.JUnitReportReporter -->
<testsuite hostname="DESKTOP-GRUJ0M8" failures="0" tests="3" name="tests.TestCaseWithKeywordDriven" time="32.177" errors="0" timestamp="2023-10-01T07:11:05 IST" skipped="0">
  <testcase classname="tests.TestCaseWithKeywordDriven" name="flipkartTest" time="14.271">
    <system-out>
      <![CDATA[Launching the browser using the URL:=https://www.flipkart.com]]>
    </system-out>
  </testcase> <!-- flipkartTest -->
  <testcase classname="tests.TestCaseWithKeywordDriven" name="fbTest" time="12.181">
    <system-out>
      <![CDATA[Launching the browser using the URL:=https://www.facebook.com/
Setting the text of the element:=By.id: email with data:=t@g.com
Setting the text of the element:=By.id: pass with data:=Welcome1
Clicking on the element with locator:=By.name: login]]>
    </system-out>
  </testcase> <!-- fbTest -->
  <testcase classname="tests.TestCaseWithKeywordDriven" name="googleTest" time="5.725">
    <system-out>
      <![CDATA[Launching the browser using the URL:=https://www.google.com
Setting the text of the element:=By.name: q with data:=Seleniumdev
Clicking on the element with locator:=By.name: btnK]]>
    </system-out>
  </testcase> <!-- googleTest -->
  <system-out>
    <![CDATA[Launching the browser using the URL:=https://www.facebook.com/
Setting the text of the element:=By.id: email with data:=t@g.com
Setting the text of the element:=By.id: pass with data:=Welcome1
Clicking on the element with locator:=By.name: login
Launching the browser using the URL:=https://www.flipkart.com
Launching the browser using the URL:=https://www.google.com
Setting the text of the element:=By.name: q with data:=Seleniumdev
Clicking on the element with locator:=By.name: btnK]]>
  </system-out>
</testsuite> <!-- tests.TestCaseWithKeywordDriven -->
