<?xml version="1.0" encoding="UTF-8"?>
<!-- Generated by org.testng.reporters.JUnitReportReporter -->
<testsuite hostname="DESKTOP-GRUJ0M8" failures="0" tests="1" name="tests.OrangeLoginTestWithExcelData" time="31.005" errors="0" timestamp="2023-09-30T08:15:30 IST" skipped="0">
  <testcase classname="tests.OrangeLoginTestWithExcelData" name="login" time="31.005">
    <system-out>
      <![CDATA[Setting user name field to Admin
Setting password field to admin123
<a href='D:\edureka5\workspace\seleniumautomationframework\screenshot\myScreenshot1696041929822.jpg'> <img src='D:\edureka5\workspace\seleniumautomationframework\screenshot\myScreenshot1696041929822.jpg' height='100' width='100'/> </a>]]>
    </system-out>
  </testcase> <!-- login -->
  <system-out>
    <![CDATA[Setting user name field to Admin
Setting password field to admin123
<a href='D:\edureka5\workspace\seleniumautomationframework\screenshot\myScreenshot1696041929822.jpg'> <img src='D:\edureka5\workspace\seleniumautomationframework\screenshot\myScreenshot1696041929822.jpg' height='100' width='100'/> </a>]]>
  </system-out>
</testsuite> <!-- tests.OrangeLoginTestWithExcelData -->
