<?xml version="1.0" encoding="UTF-8"?>
<!-- Generated by org.testng.reporters.JUnitReportReporter -->
<testsuite hostname="DESKTOP-GRUJ0M8" failures="0" tests="1" name="tests.ClosingTab" time="18.693" errors="0" timestamp="2023-09-30T07:09:53 IST" skipped="0">
  <testcase classname="tests.ClosingTab" name="test" time="18.693"/>
</testsuite> <!-- tests.ClosingTab -->
