<?xml version="1.0" encoding="UTF-8"?>
<!-- Generated by org.testng.reporters.JUnitReportReporter -->
<testsuite hostname="DESKTOP-GRUJ0M8" failures="0" tests="1" name="tests.FileUploadExample" time="10.490" errors="0" timestamp="2023-10-01T09:15:44 IST" skipped="0">
  <testcase classname="tests.FileUploadExample" name="upload" time="10.490"/>
</testsuite> <!-- tests.FileUploadExample -->
