<?xml version="1.0" encoding="UTF-8"?>
<!-- Generated by org.testng.reporters.JUnitReportReporter -->
<testsuite hostname="DESKTOP-GRUJ0M8" failures="0" tests="2" name="tests.DropdownTest" time="57.791" errors="0" timestamp="2023-10-01T08:26:33 IST" skipped="1">
  <testcase classname="tests.DropdownTest" name="multiDropDown" time="57.791"/>
  <testcase classname="tests.DropdownTest" name="selectDropdown">
    <skipped/>
  </testcase> <!-- selectDropdown -->
</testsuite> <!-- tests.DropdownTest -->
