<?xml version="1.0" encoding="UTF-8"?>
<!-- Generated by org.testng.reporters.JUnitReportReporter -->
<testsuite hostname="DESKTOP-GRUJ0M8" failures="0" tests="3" name="tests.OrangeLoginTestWithExcelDataProvider" time="75.613" errors="0" timestamp="2023-09-30T07:51:19 IST" skipped="0">
  <testcase classname="tests.OrangeLoginTestWithExcelDataProvider" name="login" time="24.399">
    <system-out>
      <![CDATA[Setting user name field to Admin
Setting password field to admin123]]>
    </system-out>
  </testcase> <!-- login -->
  <testcase classname="tests.OrangeLoginTestWithExcelDataProvider" name="login" time="27.964">
    <system-out>
      <![CDATA[Setting user name field to Admin
Setting password field to admin123]]>
    </system-out>
  </testcase> <!-- login -->
  <testcase classname="tests.OrangeLoginTestWithExcelDataProvider" name="login" time="23.250">
    <system-out>
      <![CDATA[Setting user name field to Admin
Setting password field to admin123]]>
    </system-out>
  </testcase> <!-- login -->
  <system-out>
    <![CDATA[Setting user name field to Admin
Setting password field to admin123
Setting user name field to Admin
Setting password field to admin123
Setting user name field to Admin
Setting password field to admin123]]>
  </system-out>
</testsuite> <!-- tests.OrangeLoginTestWithExcelDataProvider -->
