<?xml version="1.0" encoding="UTF-8"?>
<!-- Generated by org.testng.reporters.JUnitReportReporter -->
<testsuite hostname="DESKTOP-GRUJ0M8" failures="0" tests="2" name="tests.ActionClassExamples" time="12.096" errors="0" timestamp="2023-10-01T09:11:02 IST" skipped="1">
  <testcase classname="tests.ActionClassExamples" name="rightClick" time="12.096"/>
  <testcase classname="tests.ActionClassExamples" name="multiDropDown">
    <skipped/>
  </testcase> <!-- multiDropDown -->
</testsuite> <!-- tests.ActionClassExamples -->
