<?xml version="1.0" encoding="UTF-8"?>
<!-- Generated by org.testng.reporters.JUnitReportReporter -->
<testsuite hostname="DESKTOP-GRUJ0M8" failures="0" tests="1" name="tests.FirstTest" time="5.355" errors="0" timestamp="2023-09-24T07:23:01 IST" skipped="0">
  <testcase classname="tests.FirstTest" name="test" time="5.355"/>
</testsuite> <!-- tests.FirstTest -->
